# JRE version: Java(TM) SE Runtime Environment (7.0_72-b14) (build 1.7.0_72-b14)
# Java VM: Java HotSpot(TM) 64-Bit Server VM (24.72-b04 mixed mode windows-amd64 compressed oops)
Heap
 PSYoungGen      total 508928K, used 60782K [0x00000007d6f00000, 0x00000007f8400000, 0x0000000800000000)
  eden space 507904K, 11% used [0x00000007d6f00000,0x00000007daa5b9b8,0x00000007f5f00000)
  from space 1024K, 0% used [0x00000007f5f00000,0x00000007f5f00000,0x00000007f6000000)
  to   space 18944K, 0% used [0x00000007f7180000,0x00000007f7180000,0x00000007f8400000)
 ParOldGen       total 83968K, used 54135K [0x0000000784e00000, 0x000000078a000000, 0x00000007d6f00000)
  object space 83968K, 64% used [0x0000000784e00000,0x00000007882ddd28,0x000000078a000000)
 PSPermGen       total 38912K, used 30010K [0x000000077fc00000, 0x0000000782200000, 0x0000000784e00000)
  object space 38912K, 77% used [0x000000077fc00000,0x000000078194e908,0x0000000782200000)
GC Heap History (10 events):
Event: 13.881 GC heap before
{Heap before GC invocations=22 (full 7):
 PSYoungGen      total 527360K, used 1120K [0x00000007d6f00000, 0x00000007f8500000, 0x0000000800000000)
  eden space 507904K, 0% used [0x00000007d6f00000,0x00000007d6f00000,0x00000007f5f00000)
  from space 19456K, 5% used [0x00000007f5f00000,0x00000007f6018000,0x00000007f7200000)
  to   space 19456K, 0% used [0x00000007f7200000,0x00000007f7200000,0x00000007f8500000)
 ParOldGen       total 83968K, used 51666K [0x0000000784e00000, 0x000000078a000000, 0x00000007d6f00000)
  object space 83968K, 61% used [0x0000000784e00000,0x00000007880748a0,0x000000078a000000)
 PSPermGen       total 45568K, used 24509K [0x000000077fc00000, 0x0000000782880000, 0x0000000784e00000)
  object space 45568K, 53% used [0x000000077fc00000,0x00000007813ef750,0x0000000782880000)
Event: 14.014 GC heap after
Heap after GC invocations=22 (full 7):
 PSYoungGen      total 527360K, used 0K [0x00000007d6f00000, 0x00000007f8500000, 0x0000000800000000)
  eden space 507904K, 0% used [0x00000007d6f00000,0x00000007d6f00000,0x00000007f5f00000)
  from space 19456K, 0% used [0x00000007f5f00000,0x00000007f5f00000,0x00000007f7200000)
  to   space 19456K, 0% used [0x00000007f7200000,0x00000007f7200000,0x00000007f8500000)
 ParOldGen       total 83968K, used 52700K [0x0000000784e00000, 0x000000078a000000, 0x00000007d6f00000)
  object space 83968K, 62% used [0x0000000784e00000,0x00000007881771d0,0x000000078a000000)
 PSPermGen       total 43008K, used 24509K [0x000000077fc00000, 0x0000000782600000, 0x0000000784e00000)
  object space 43008K, 56% used [0x000000077fc00000,0x00000007813ef730,0x0000000782600000)
}
Event: 14.324 GC heap before
{Heap before GC invocations=23 (full 7):
 PSYoungGen      total 527360K, used 30349K [0x00000007d6f00000, 0x00000007f8500000, 0x0000000800000000)
  eden space 507904K, 5% used [0x00000007d6f00000,0x00000007d8ca35b8,0x00000007f5f00000)
  from space 19456K, 0% used [0x00000007f5f00000,0x00000007f5f00000,0x00000007f7200000)
  to   space 19456K, 0% used [0x00000007f7200000,0x00000007f7200000,0x00000007f8500000)
 ParOldGen       total 83968K, used 52700K [0x0000000784e00000, 0x000000078a000000, 0x00000007d6f00000)
  object space 83968K, 62% used [0x0000000784e00000,0x00000007881771d0,0x000000078a000000)
 PSPermGen       total 43008K, used 24536K [0x000000077fc00000, 0x0000000782600000, 0x0000000784e00000)
  object space 43008K, 57% used [0x000000077fc00000,0x00000007813f6168,0x0000000782600000)
Event: 14.327 GC heap after
Heap after GC invocations=23 (full 7):
 PSYoungGen      total 527360K, used 560K [0x00000007d6f00000, 0x00000007f8500000, 0x0000000800000000)
  eden space 507904K, 0% used [0x00000007d6f00000,0x00000007d6f00000,0x00000007f5f00000)
  from space 19456K, 2% used [0x00000007f7200000,0x00000007f728c120,0x00000007f8500000)
  to   space 19456K, 0% used [0x00000007f5f00000,0x00000007f5f00000,0x00000007f7200000)
 ParOldGen       total 83968K, used 52700K [0x0000000784e00000, 0x000000078a000000, 0x00000007d6f00000)
  object space 83968K, 62% used [0x0000000784e00000,0x00000007881771d0,0x000000078a000000)
 PSPermGen       total 43008K, used 24536K [0x000000077fc00000, 0x0000000782600000, 0x0000000784e00000)
  object space 43008K, 57% used [0x000000077fc00000,0x00000007813f6168,0x0000000782600000)
}
Event: 14.327 GC heap before
{Heap before GC invocations=24 (full 8):
 PSYoungGen      total 527360K, used 560K [0x00000007d6f00000, 0x00000007f8500000, 0x0000000800000000)
  eden space 507904K, 0% used [0x00000007d6f00000,0x00000007d6f00000,0x00000007f5f00000)
  from space 19456K, 2% used [0x00000007f7200000,0x00000007f728c120,0x00000007f8500000)
  to   space 19456K, 0% used [0x00000007f5f00000,0x00000007f5f00000,0x00000007f7200000)
 ParOldGen       total 83968K, used 52700K [0x0000000784e00000, 0x000000078a000000, 0x00000007d6f00000)
  object space 83968K, 62% used [0x0000000784e00000,0x00000007881771d0,0x000000078a000000)
 PSPermGen       total 43008K, used 24536K [0x000000077fc00000, 0x0000000782600000, 0x0000000784e00000)
  object space 43008K, 57% used [0x000000077fc00000,0x00000007813f6168,0x0000000782600000)
Event: 14.444 GC heap after
Heap after GC invocations=24 (full 8):
 PSYoungGen      total 527360K, used 0K [0x00000007d6f00000, 0x00000007f8500000, 0x0000000800000000)
  eden space 507904K, 0% used [0x00000007d6f00000,0x00000007d6f00000,0x00000007f5f00000)
  from space 19456K, 0% used [0x00000007f7200000,0x00000007f7200000,0x00000007f8500000)
  to   space 19456K, 0% used [0x00000007f5f00000,0x00000007f5f00000,0x00000007f7200000)
 ParOldGen       total 83968K, used 53179K [0x0000000784e00000, 0x000000078a000000, 0x00000007d6f00000)
  object space 83968K, 63% used [0x0000000784e00000,0x00000007881eeda0,0x000000078a000000)
 PSPermGen       total 40960K, used 24536K [0x000000077fc00000, 0x0000000782400000, 0x0000000784e00000)
  object space 40960K, 59% used [0x000000077fc00000,0x00000007813f6088,0x0000000782400000)
}
Event: 14.502 GC heap before
{Heap before GC invocations=25 (full 8):
 PSYoungGen      total 527360K, used 10116K [0x00000007d6f00000, 0x00000007f8500000, 0x0000000800000000)
  eden space 507904K, 1% used [0x00000007d6f00000,0x00000007d78e1208,0x00000007f5f00000)
  from space 19456K, 0% used [0x00000007f7200000,0x00000007f7200000,0x00000007f8500000)
  to   space 19456K, 0% used [0x00000007f5f00000,0x00000007f5f00000,0x00000007f7200000)
 ParOldGen       total 83968K, used 53179K [0x0000000784e00000, 0x000000078a000000, 0x00000007d6f00000)
  object space 83968K, 63% used [0x0000000784e00000,0x00000007881eeda0,0x000000078a000000)
 PSPermGen       total 40960K, used 24564K [0x000000077fc00000, 0x0000000782400000, 0x0000000784e00000)
  object space 40960K, 59% used [0x000000077fc00000,0x00000007813fd080,0x0000000782400000)
Event: 14.507 GC heap after
Heap after GC invocations=25 (full 8):
 PSYoungGen      total 508928K, used 1024K [0x00000007d6f00000, 0x00000007f8400000, 0x0000000800000000)
  eden space 507904K, 0% used [0x00000007d6f00000,0x00000007d6f00000,0x00000007f5f00000)
  from space 1024K, 100% used [0x00000007f5f00000,0x00000007f6000000,0x00000007f6000000)
  to   space 18944K, 0% used [0x00000007f7180000,0x00000007f7180000,0x00000007f8400000)
 ParOldGen       total 83968K, used 53179K [0x0000000784e00000, 0x000000078a000000, 0x00000007d6f00000)
  object space 83968K, 63% used [0x0000000784e00000,0x00000007881eeda0,0x000000078a000000)
 PSPermGen       total 40960K, used 24564K [0x000000077fc00000, 0x0000000782400000, 0x0000000784e00000)
  object space 40960K, 59% used [0x000000077fc00000,0x00000007813fd080,0x0000000782400000)
}
Event: 14.507 GC heap before
{Heap before GC invocations=26 (full 9):
 PSYoungGen      total 508928K, used 1024K [0x00000007d6f00000, 0x00000007f8400000, 0x0000000800000000)
  eden space 507904K, 0% used [0x00000007d6f00000,0x00000007d6f00000,0x00000007f5f00000)
  from space 1024K, 100% used [0x00000007f5f00000,0x00000007f6000000,0x00000007f6000000)
  to   space 18944K, 0% used [0x00000007f7180000,0x00000007f7180000,0x00000007f8400000)
 ParOldGen       total 83968K, used 53179K [0x0000000784e00000, 0x000000078a000000, 0x00000007d6f00000)
  object space 83968K, 63% used [0x0000000784e00000,0x00000007881eeda0,0x000000078a000000)
 PSPermGen       total 40960K, used 24564K [0x000000077fc00000, 0x0000000782400000, 0x0000000784e00000)
  object space 40960K, 59% used [0x000000077fc00000,0x00000007813fd080,0x0000000782400000)
Event: 14.727 GC heap after
Heap after GC invocations=26 (full 9):
 PSYoungGen      total 508928K, used 0K [0x00000007d6f00000, 0x00000007f8400000, 0x0000000800000000)
  eden space 507904K, 0% used [0x00000007d6f00000,0x00000007d6f00000,0x00000007f5f00000)
  from space 1024K, 0% used [0x00000007f5f00000,0x00000007f5f00000,0x00000007f6000000)
  to   space 18944K, 0% used [0x00000007f7180000,0x00000007f7180000,0x00000007f8400000)
 ParOldGen       total 83968K, used 54135K [0x0000000784e00000, 0x000000078a000000, 0x00000007d6f00000)
  object space 83968K, 64% used [0x0000000784e00000,0x00000007882ddd28,0x000000078a000000)
 PSPermGen       total 38912K, used 24563K [0x000000077fc00000, 0x0000000782200000, 0x0000000784e00000)
  object space 38912K, 63% used [0x000000077fc00000,0x00000007813fcfc8,0x0000000782200000)
}

